Opened convpng.ini

--- Global Palette main_pal.png ---
Building palette with [256] available indices ...
Built palette with [256] indices.
Palette quality : 91.68%
Wrote palette image (bin/main_pal.png)

--- Group main_gfx (ASM) ---
Using built-in xlibc palette ...
7:
 AoCEI : converted! (18022 > 6889 bytes)
 intro : converted! (30627 > 9815 bytes)
 newloadgame : converted! (15248 > 3342 bytes)
 playhelpquit : converted! (9128 > 2730 bytes)
 pointer : converted! (807 > 236 bytes)
 singlemultiplayer : converted! (17264 > 3987 bytes)
 soldier : converted! (23312 > 7010 bytes)

--- Group gameplay_gfx (ASM) ---
Using defined palette bin/main_pal.png ...
2:
 cursor : converted!
 resources : converted!

--- Group tiles_gfx (ASM) ---
Using defined palette bin/main_pal.png ...
7:
 bush_1 : converted!
 bush_2 : converted!
 gold_1 : converted!
 gold_2 : converted!
 grass : converted!
 stone_1 : converted!
 stone_2 : converted!

--- Group trees_gfx (ASM) ---
Using defined palette bin/main_pal.png ...
1:
 tree_1 : converted!

--- Group age_1 (ASM) ---
Using defined palette bin/main_pal.png ...
Transparent Color Index : 255
Transparent Color : 0x0000
24:
 barracks_1 : converted! (6764 > 4464 bytes)
 farm_1 : converted! (4804 > 1702 bytes)
 house_1 : converted! (3104 > 1802 bytes)
 lumbercamp_1 : converted! (3764 > 1746 bytes)
 mill_1 : converted! (3038 > 2048 bytes)
 miningcamp_1 : converted! (2708 > 1606 bytes)
 foundation_1_1 : converted! (706 > 305 bytes)
 foundation_1_2 : converted! (834 > 400 bytes)
 foundation_1_3 : converted! (834 > 532 bytes)
 foundation_2_1 : converted! (2642 > 769 bytes)
 foundation_2_2 : converted! (2840 > 965 bytes)
 foundation_2_3 : converted! (2840 > 1310 bytes)
 foundation_3_1 : converted! (5392 > 1149 bytes)
 foundation_3_2 : converted! (5686 > 1539 bytes)
 foundation_3_3 : converted! (5686 > 2160 bytes)
 foundation_4_1 : converted! (9232 > 1762 bytes)
 foundation_4_2 : converted! (9622 > 2214 bytes)
 foundation_4_3 : converted! (9622 > 3291 bytes)
 rubble_1 : converted! (578 > 400 bytes)
 rubble_2 : converted! (2246 > 1425 bytes)
 rubble_3 : converted! (5000 > 2715 bytes)
 rubble_4 : converted! (8452 > 4679 bytes)
 outpost_1 : converted! (1826 > 1310 bytes)
 towncenter_1 : converted! (10142 > 4624 bytes)

--- Group age_2 (ASM) ---
Using defined palette bin/main_pal.png ...
Transparent Color Index : 255
Transparent Color : 0x0000
9:
 archery_2 : converted! (7940 > 3939 bytes)
 barracks_2 : converted! (7548 > 4537 bytes)
 blacksmith_2 : converted! (5980 > 3728 bytes)
 house_2 : converted! (3500 > 2044 bytes)
 market_2 : converted! (13522 > 6773 bytes)
 mill_2 : converted! (3698 > 2227 bytes)
 stable_2 : converted! (5980 > 3358 bytes)
 tower_2 : converted! (1954 > 1524 bytes)
 towncenter_2 : converted! (10922 > 5858 bytes)

--- Group age_3 (ASM) ---
Using defined palette bin/main_pal.png ...
Transparent Color Index : 255
Transparent Color : 0x0000
13:
 archery_3 : converted! (7940 > 4198 bytes)
 barracks_3 : converted! (7842 > 4915 bytes)
 blacksmith_3 : converted! (5980 > 3612 bytes)
 castle_3 : converted! (17032 > 12962 bytes)
 house_3 : converted! (3764 > 2210 bytes)
 market_3 : converted! (13912 > 7613 bytes)
 mill_3 : converted! (3698 > 2249 bytes)
 monastery_3 : converted! (10488 > 6471 bytes)
 siegeworkshop_3 : converted! (10792 > 6157 bytes)
 stable_3 : converted! (7548 > 4262 bytes)
 tower_3 : converted! (2210 > 1774 bytes)
 towncenter_3 : converted! (11052 > 5873 bytes)
 university_3 : converted! (10272 > 6147 bytes)

--- Group age_4 (ASM) ---
Using defined palette bin/main_pal.png ...
Transparent Color Index : 255
Transparent Color : 0x0000
3:
 market_4 : converted! (12742 > 6512 bytes)
 towncenter_4 : converted! (11052 > 6104 bytes)
 university_4 : converted! (11962 > 6523 bytes)

Converted in 14 s

[warning] image quality might be too low.
please try grouping similar images, reducing image colors, 
or selecting a better palette if conversion is not ideal.

Finished!
